[debug] [2019-03-15T14:00:45.683Z] ----------------------------------------------------------------------
[debug] [2019-03-15T14:00:45.686Z] Command:       C:\Program Files\nodejs\node.exe C:\Users\oivhe\AppData\Roaming\npm\node_modules\firebase-tools\lib\bin\firebase.js serve --only hosting
[debug] [2019-03-15T14:00:45.687Z] CLI Version:   6.4.0
[debug] [2019-03-15T14:00:45.687Z] Platform:      win32
[debug] [2019-03-15T14:00:45.687Z] Node Version:  v8.11.3
[debug] [2019-03-15T14:00:45.688Z] Time:          Fri Mar 15 2019 15:00:45 GMT+0100 (Vest-Europa (normaltid))
[debug] [2019-03-15T14:00:45.688Z] ----------------------------------------------------------------------
[debug] 
[debug] [2019-03-15T14:00:45.724Z] > command requires scopes: ["email","openid","https://www.googleapis.com/auth/cloudplatformprojects.readonly","https://www.googleapis.com/auth/firebase","https://www.googleapis.com/auth/cloud-platform"]
[debug] [2019-03-15T14:00:45.725Z] > authorizing via signed-in user
[debug] [2019-03-15T14:00:45.725Z] [iam] checking project doroapp-7cbc4 for permissions ["firebase.projects.get"]
[debug] [2019-03-15T14:00:45.728Z] > refreshing access token with scopes: ["email","https://www.googleapis.com/auth/cloud-platform","https://www.googleapis.com/auth/cloudplatformprojects.readonly","https://www.googleapis.com/auth/firebase","openid"]
[debug] [2019-03-15T14:00:45.729Z] >>> HTTP REQUEST POST https://www.googleapis.com/oauth2/v3/token  
 <request body omitted>
[debug] [2019-03-15T14:00:45.941Z] <<< HTTP RESPONSE 200
[debug] [2019-03-15T14:00:45.972Z] >>> HTTP REQUEST POST https://cloudresourcemanager.googleapis.com/v1/projects/doroapp-7cbc4:testIamPermissions  

[debug] [2019-03-15T14:00:46.931Z] <<< HTTP RESPONSE 200
[debug] [2019-03-15T14:00:46.933Z] >>> HTTP REQUEST GET https://cloudresourcemanager.googleapis.com/v1/projects/doroapp-7cbc4  
 
[debug] [2019-03-15T14:00:47.855Z] <<< HTTP RESPONSE 200
[info] 
[info] === Serving from 'C:\Users\oivhe\OneDrive\DoroAPPWeb\friendlyeats-web'...
[info] 
[debug] [2019-03-15T14:00:47.873Z] >>> HTTP REQUEST GET https://mobilesdk-pa.googleapis.com/v1/projects/265159548006/clients/_:getWebAppConfig  
 
[debug] [2019-03-15T14:00:48.730Z] <<< HTTP RESPONSE 200
[info] i  hosting: Serving hosting files from: ./
[info] +  hosting: Local server: http://localhost:5000
